TN:
SF:src\app.ts
FN:29,(anonymous_1)
FNF:1
FNH:0
FNDA:0,(anonymous_1)
DA:1,6
DA:2,6
DA:3,6
DA:4,6
DA:6,6
DA:7,6
DA:8,6
DA:10,6
DA:11,6
DA:12,6
DA:13,6
DA:14,6
DA:15,6
DA:17,6
DA:20,6
DA:21,6
DA:22,6
DA:25,6
DA:26,6
DA:29,6
DA:30,0
DA:34,6
DA:36,6
DA:37,6
DA:38,6
DA:39,6
DA:40,6
DA:41,6
DA:44,6
DA:45,6
DA:47,6
LF:31
LH:30
BRF:0
BRH:0
end_of_record
TN:
SF:src\__tests__\helpers\fixtures.ts
FNF:0
FNH:0
DA:10,7
DA:18,7
DA:26,7
DA:35,7
DA:44,7
DA:55,7
DA:63,7
LF:7
LH:7
BRF:0
BRH:0
end_of_record
TN:
SF:src\modules\appointments\appointments.controller.ts
FN:4,list
FN:17,getOne
FN:25,create
FN:33,update
FN:41,remove
FNF:5
FNH:5
FNDA:3,list
FNDA:2,getOne
FNDA:6,create
FNDA:4,update
FNDA:2,remove
DA:2,6
DA:4,6
DA:5,3
DA:6,3
DA:7,3
DA:11,3
DA:13,0
DA:17,6
DA:18,2
DA:19,2
DA:21,1
DA:25,6
DA:26,6
DA:27,6
DA:29,5
DA:33,6
DA:34,4
DA:35,4
DA:37,2
DA:41,6
DA:42,2
DA:43,2
DA:44,1
DA:46,1
LF:24
LH:23
BRDA:8,0,0,1
BRDA:8,0,1,2
BRDA:9,1,0,1
BRDA:9,1,1,2
BRF:4
BRH:4
end_of_record
TN:
SF:src\modules\appointments\appointments.repository.ts
FN:11,findAll
FN:22,findById
FN:42,findOverlapping
FN:62,create
FN:73,update
FN:89,remove
FNF:6
FNH:0
FNDA:0,findAll
FNDA:0,findById
FNDA:0,findOverlapping
FNDA:0,create
FNDA:0,update
FNDA:0,remove
DA:1,7
DA:2,7
DA:5,7
DA:6,7
DA:11,7
DA:12,0
DA:18,0
DA:19,0
DA:22,7
DA:23,0
DA:29,0
DA:30,0
DA:31,0
DA:42,7
DA:47,0
DA:53,0
DA:54,0
DA:57,0
DA:58,0
DA:59,0
DA:62,7
DA:63,0
DA:69,0
DA:70,0
DA:73,7
DA:77,0
DA:84,0
DA:85,0
DA:86,0
DA:89,7
DA:90,0
DA:91,0
LF:32
LH:10
BRDA:11,0,0,0
BRDA:11,1,0,0
BRDA:11,2,0,0
BRDA:18,3,0,0
BRDA:18,3,1,0
BRDA:29,4,0,0
BRDA:29,4,1,0
BRDA:29,5,0,0
BRDA:29,5,1,0
BRDA:30,6,0,0
BRDA:30,6,1,0
BRDA:45,7,0,0
BRDA:53,8,0,0
BRDA:53,8,1,0
BRDA:58,9,0,0
BRDA:58,9,1,0
BRDA:69,10,0,0
BRDA:69,10,1,0
BRDA:84,11,0,0
BRDA:84,11,1,0
BRDA:84,12,0,0
BRDA:84,12,1,0
BRDA:85,13,0,0
BRDA:85,13,1,0
BRDA:91,14,0,0
BRDA:91,14,1,0
BRF:26
BRH:0
end_of_record
TN:
SF:src\modules\appointments\appointments.routes.ts
FNF:0
FNH:0
DA:1,6
DA:2,6
DA:4,6
DA:6,6
DA:7,6
DA:8,6
DA:9,6
DA:10,6
DA:12,6
LF:9
LH:9
BRF:0
BRH:0
end_of_record
TN:
SF:src\modules\appointments\appointments.service.ts
FN:7,listAppointments
FN:11,getAppointment
FN:19,createAppointment
FN:53,updateAppointment
FN:95,deleteAppointment
FNF:5
FNH:5
FNDA:5,listAppointments
FNDA:16,getAppointment
FNDA:13,createAppointment
FNDA:8,updateAppointment
FNDA:4,deleteAppointment
DA:1,7
DA:2,7
DA:3,7
DA:4,7
DA:7,7
DA:8,5
DA:11,7
DA:12,16
DA:13,16
DA:14,6
DA:16,10
DA:19,7
DA:20,13
DA:22,13
DA:23,11
DA:24,9
DA:26,7
DA:31,7
DA:32,2
DA:35,5
DA:36,5
DA:37,2
DA:38,2
DA:39,2
DA:42,3
DA:53,7
DA:54,8
DA:56,6
DA:58,6
DA:59,4
DA:60,4
DA:61,4
DA:63,4
DA:64,4
DA:66,4
DA:71,4
DA:72,0
DA:75,4
DA:76,4
DA:77,2
DA:78,2
DA:79,2
DA:82,2
DA:83,2
DA:86,4
DA:87,4
DA:88,4
DA:89,4
DA:90,4
DA:92,4
DA:95,7
DA:96,4
DA:97,2
LF:53
LH:52
BRDA:7,0,0,1
BRDA:13,1,0,6
BRDA:13,1,1,10
BRDA:22,2,0,2
BRDA:22,2,1,11
BRDA:31,3,0,2
BRDA:31,3,1,5
BRDA:36,4,0,2
BRDA:36,4,1,3
BRDA:47,5,0,3
BRDA:47,5,1,1
BRDA:58,6,0,4
BRDA:58,6,1,2
BRDA:58,7,0,6
BRDA:58,7,1,2
BRDA:59,8,0,4
BRDA:59,8,1,0
BRDA:60,9,0,4
BRDA:60,9,1,0
BRDA:71,10,0,0
BRDA:71,10,1,4
BRDA:76,11,0,2
BRDA:76,11,1,2
BRDA:86,12,0,2
BRDA:86,12,1,2
BRDA:87,13,0,0
BRDA:87,13,1,4
BRDA:87,14,0,0
BRDA:87,14,1,0
BRDA:88,15,0,0
BRDA:88,15,1,4
BRDA:89,16,0,0
BRDA:89,16,1,4
BRDA:90,17,0,0
BRDA:90,17,1,4
BRF:35
BRH:26
end_of_record
TN:
SF:src\modules\clients\clients.controller.ts
FN:4,list
FN:10,getOne
FN:16,create
FN:22,update
FN:28,remove
FNF:5
FNH:5
FNDA:3,list
FNDA:2,getOne
FNDA:2,create
FNDA:2,update
FNDA:2,remove
DA:2,6
DA:4,6
DA:5,3
DA:6,3
DA:7,1
DA:10,6
DA:11,2
DA:12,2
DA:13,1
DA:16,6
DA:17,2
DA:18,2
DA:19,1
DA:22,6
DA:23,2
DA:24,2
DA:25,1
DA:28,6
DA:29,2
DA:30,2
DA:31,1
DA:32,1
LF:22
LH:22
BRF:0
BRH:0
end_of_record
TN:
SF:src\modules\clients\clients.repository.ts
FN:8,findAll
FN:14,findById
FN:21,create
FN:27,update
FN:34,remove
FNF:5
FNH:0
FNDA:0,findAll
FNDA:0,findById
FNDA:0,create
FNDA:0,update
FNDA:0,remove
DA:1,6
DA:2,6
DA:5,6
DA:6,6
DA:8,6
DA:9,0
DA:10,0
DA:11,0
DA:14,6
DA:15,0
DA:16,0
DA:17,0
DA:18,0
DA:21,6
DA:22,0
DA:23,0
DA:24,0
DA:27,6
DA:28,0
DA:29,0
DA:30,0
DA:31,0
DA:34,6
DA:35,0
DA:36,0
LF:25
LH:9
BRDA:10,0,0,0
BRDA:10,0,1,0
BRDA:16,1,0,0
BRDA:16,1,1,0
BRDA:16,2,0,0
BRDA:16,2,1,0
BRDA:17,3,0,0
BRDA:17,3,1,0
BRDA:23,4,0,0
BRDA:23,4,1,0
BRDA:29,5,0,0
BRDA:29,5,1,0
BRDA:29,6,0,0
BRDA:29,6,1,0
BRDA:30,7,0,0
BRDA:30,7,1,0
BRDA:36,8,0,0
BRDA:36,8,1,0
BRF:18
BRH:0
end_of_record
TN:
SF:src\modules\clients\clients.routes.ts
FNF:0
FNH:0
DA:1,6
DA:2,6
DA:4,6
DA:6,6
DA:7,6
DA:8,6
DA:9,6
DA:10,6
DA:12,6
LF:9
LH:9
BRF:0
BRH:0
end_of_record
TN:
SF:src\modules\clients\clients.service.ts
FN:5,listClients
FN:9,getClient
FN:17,createClient
FN:21,updateClient
FN:29,deleteClient
FNF:5
FNH:5
FNDA:3,listClients
FNDA:6,getClient
FNDA:2,createClient
FNDA:2,updateClient
FNDA:2,deleteClient
DA:1,6
DA:2,6
DA:5,6
DA:6,3
DA:9,6
DA:10,6
DA:11,6
DA:12,3
DA:14,3
DA:17,6
DA:18,2
DA:21,6
DA:25,2
DA:26,1
DA:29,6
DA:30,2
DA:31,1
LF:17
LH:17
BRDA:11,0,0,3
BRDA:11,0,1,3
BRF:2
BRH:2
end_of_record
TN:
SF:src\modules\contact\contact.controller.ts
FN:4,list
FN:10,getOne
FN:16,listByLawyer
FN:22,listByClient
FN:28,create
FN:34,update
FN:40,remove
FNF:7
FNH:7
FNDA:2,list
FNDA:2,getOne
FNDA:2,listByLawyer
FNDA:1,listByClient
FNDA:6,create
FNDA:3,update
FNDA:2,remove
DA:2,6
DA:4,6
DA:5,2
DA:6,2
DA:7,0
DA:10,6
DA:11,2
DA:12,2
DA:13,1
DA:16,6
DA:17,2
DA:18,2
DA:19,0
DA:22,6
DA:23,1
DA:24,1
DA:25,0
DA:28,6
DA:29,6
DA:30,6
DA:31,4
DA:34,6
DA:35,3
DA:36,3
DA:37,2
DA:40,6
DA:41,2
DA:42,2
DA:43,1
DA:44,1
LF:30
LH:27
BRF:0
BRH:0
end_of_record
TN:
SF:src\modules\contact\contact.repository.ts
FN:10,findAll
FN:16,findById
FN:23,findByLawyer
FN:32,findByClient
FN:41,create
FN:47,update
FN:59,remove
FNF:7
FNH:0
FNDA:0,findAll
FNDA:0,findById
FNDA:0,findByLawyer
FNDA:0,findByClient
FNDA:0,create
FNDA:0,update
FNDA:0,remove
DA:1,6
DA:2,6
DA:5,6
DA:6,6
DA:10,6
DA:11,0
DA:12,0
DA:13,0
DA:16,6
DA:17,0
DA:18,0
DA:19,0
DA:20,0
DA:23,6
DA:24,0
DA:28,0
DA:29,0
DA:32,6
DA:33,0
DA:37,0
DA:38,0
DA:41,6
DA:42,0
DA:43,0
DA:44,0
DA:47,6
DA:48,0
DA:54,0
DA:55,0
DA:56,0
DA:59,6
DA:60,0
DA:61,0
LF:33
LH:11
BRDA:12,0,0,0
BRDA:12,0,1,0
BRDA:18,1,0,0
BRDA:18,1,1,0
BRDA:18,2,0,0
BRDA:18,2,1,0
BRDA:19,3,0,0
BRDA:19,3,1,0
BRDA:28,4,0,0
BRDA:28,4,1,0
BRDA:37,5,0,0
BRDA:37,5,1,0
BRDA:43,6,0,0
BRDA:43,6,1,0
BRDA:54,7,0,0
BRDA:54,7,1,0
BRDA:54,8,0,0
BRDA:54,8,1,0
BRDA:55,9,0,0
BRDA:55,9,1,0
BRDA:61,10,0,0
BRDA:61,10,1,0
BRF:22
BRH:0
end_of_record
TN:
SF:src\modules\contact\contact.routes.ts
FNF:0
FNH:0
DA:1,6
DA:2,6
DA:4,6
DA:6,6
DA:7,6
DA:8,6
DA:9,6
DA:10,6
DA:11,6
DA:12,6
DA:14,6
LF:11
LH:11
BRF:0
BRH:0
end_of_record
TN:
SF:src\modules\contact\contact.service.ts
FN:7,listContacts
FN:11,getContact
FN:19,getContactsByLawyer
FN:23,getContactsByClient
FN:27,createContact
FN:51,updateContact
FN:69,deleteContact
FNF:7
FNH:7
FNDA:2,listContacts
FNDA:7,getContact
FNDA:2,getContactsByLawyer
FNDA:1,getContactsByClient
FNDA:6,createContact
FNDA:3,updateContact
FNDA:2,deleteContact
DA:1,6
DA:2,6
DA:5,6
DA:7,6
DA:8,2
DA:11,6
DA:12,7
DA:13,7
DA:14,3
DA:16,4
DA:19,6
DA:20,2
DA:23,6
DA:24,1
DA:27,6
DA:28,6
DA:30,6
DA:31,2
DA:34,4
DA:35,1
DA:38,3
DA:39,1
DA:42,2
DA:51,6
DA:52,3
DA:54,2
DA:56,2
DA:57,1
DA:58,1
DA:60,0
DA:63,1
DA:64,1
DA:66,1
DA:69,6
DA:70,2
DA:71,1
LF:36
LH:35
BRDA:13,0,0,3
BRDA:13,0,1,4
BRDA:30,1,0,2
BRDA:30,1,1,4
BRDA:30,2,0,6
BRDA:30,2,1,5
BRDA:34,3,0,1
BRDA:34,3,1,3
BRDA:38,4,0,1
BRDA:38,4,1,2
BRDA:38,5,0,3
BRDA:38,5,1,2
BRDA:43,6,0,2
BRDA:43,6,1,1
BRDA:44,7,0,2
BRDA:44,7,1,1
BRDA:47,8,0,2
BRDA:47,8,1,1
BRDA:56,9,0,1
BRDA:56,9,1,1
BRDA:57,10,0,1
BRDA:57,10,1,0
BRDA:63,11,0,1
BRDA:63,11,1,0
BRDA:64,12,0,0
BRDA:64,12,1,1
BRF:26
BRH:23
end_of_record
TN:
SF:src\modules\lawyers\lawyers.controller.ts
FN:4,list
FN:10,getOne
FN:16,create
FN:22,update
FN:28,remove
FNF:5
FNH:5
FNDA:3,list
FNDA:2,getOne
FNDA:2,create
FNDA:2,update
FNDA:2,remove
DA:2,6
DA:4,6
DA:5,3
DA:6,3
DA:7,1
DA:10,6
DA:11,2
DA:12,2
DA:13,1
DA:16,6
DA:17,2
DA:18,2
DA:19,1
DA:22,6
DA:23,2
DA:24,2
DA:25,1
DA:28,6
DA:29,2
DA:30,2
DA:31,1
DA:32,1
LF:22
LH:22
BRF:0
BRH:0
end_of_record
TN:
SF:src\modules\lawyers\lawyers.repository.ts
FN:8,findAll
FN:14,findById
FN:21,create
FN:27,update
FN:34,remove
FNF:5
FNH:0
FNDA:0,findAll
FNDA:0,findById
FNDA:0,create
FNDA:0,update
FNDA:0,remove
DA:1,6
DA:2,6
DA:5,6
DA:6,6
DA:8,6
DA:9,0
DA:10,0
DA:11,0
DA:14,6
DA:15,0
DA:16,0
DA:17,0
DA:18,0
DA:21,6
DA:22,0
DA:23,0
DA:24,0
DA:27,6
DA:28,0
DA:29,0
DA:30,0
DA:31,0
DA:34,6
DA:35,0
DA:36,0
LF:25
LH:9
BRDA:10,0,0,0
BRDA:10,0,1,0
BRDA:16,1,0,0
BRDA:16,1,1,0
BRDA:16,2,0,0
BRDA:16,2,1,0
BRDA:17,3,0,0
BRDA:17,3,1,0
BRDA:23,4,0,0
BRDA:23,4,1,0
BRDA:29,5,0,0
BRDA:29,5,1,0
BRDA:29,6,0,0
BRDA:29,6,1,0
BRDA:30,7,0,0
BRDA:30,7,1,0
BRDA:36,8,0,0
BRDA:36,8,1,0
BRF:18
BRH:0
end_of_record
TN:
SF:src\modules\lawyers\lawyers.routes.ts
FNF:0
FNH:0
DA:1,6
DA:2,6
DA:4,6
DA:6,6
DA:7,6
DA:8,6
DA:9,6
DA:10,6
DA:12,6
LF:9
LH:9
BRF:0
BRH:0
end_of_record
TN:
SF:src\modules\lawyers\lawyers.service.ts
FN:5,listLawyers
FN:9,getLawyer
FN:17,createLawyer
FN:21,updateLawyer
FN:29,deleteLawyer
FNF:5
FNH:5
FNDA:3,listLawyers
FNDA:6,getLawyer
FNDA:2,createLawyer
FNDA:2,updateLawyer
FNDA:2,deleteLawyer
DA:1,6
DA:2,6
DA:5,6
DA:6,3
DA:9,6
DA:10,6
DA:11,6
DA:12,3
DA:14,3
DA:17,6
DA:18,2
DA:21,6
DA:25,2
DA:26,1
DA:29,6
DA:30,2
DA:31,1
LF:17
LH:17
BRDA:11,0,0,3
BRDA:11,0,1,3
BRF:2
BRH:2
end_of_record
TN:
SF:src\modules\vacations\vacations.controller.ts
FN:4,list
FN:10,create
FN:17,remove
FNF:3
FNH:3
FNDA:2,list
FNDA:7,create
FNDA:2,remove
DA:2,6
DA:4,6
DA:5,2
DA:6,2
DA:7,0
DA:10,6
DA:11,7
DA:12,7
DA:13,2
DA:14,5
DA:17,6
DA:18,2
DA:19,2
DA:20,1
DA:21,1
LF:15
LH:14
BRF:0
BRH:0
end_of_record
TN:
SF:src\modules\vacations\vacations.repository.ts
FN:8,findByLawyer
FN:18,create
FN:24,remove
FNF:3
FNH:0
FNDA:0,findByLawyer
FNDA:0,create
FNDA:0,remove
DA:1,6
DA:2,6
DA:5,6
DA:6,6
DA:8,6
DA:9,0
DA:14,0
DA:15,0
DA:18,6
DA:19,0
DA:20,0
DA:21,0
DA:24,6
DA:25,0
DA:26,0
LF:15
LH:7
BRDA:14,0,0,0
BRDA:14,0,1,0
BRDA:20,1,0,0
BRDA:20,1,1,0
BRDA:26,2,0,0
BRDA:26,2,1,0
BRF:6
BRH:0
end_of_record
TN:
SF:src\modules\vacations\vacations.routes.ts
FNF:0
FNH:0
DA:1,6
DA:2,6
DA:4,6
DA:6,6
DA:7,6
DA:8,6
DA:10,6
LF:7
LH:7
BRF:0
BRH:0
end_of_record
TN:
SF:src\modules\vacations\vacations.service.ts
FN:6,getVacations
FN:10,addVacation
FN:31,removeVacation
FNF:3
FNH:3
FNDA:2,getVacations
FNDA:7,addVacation
FNDA:2,removeVacation
DA:1,6
DA:2,6
DA:3,6
DA:6,6
DA:7,2
DA:10,6
DA:11,7
DA:13,7
DA:14,2
DA:17,5
DA:18,4
DA:20,3
DA:21,1
DA:24,2
DA:31,6
DA:32,2
LF:16
LH:16
BRDA:13,0,0,2
BRDA:13,0,1,5
BRDA:13,1,0,7
BRDA:13,1,1,6
BRDA:20,2,0,1
BRDA:20,2,1,2
BRF:6
BRH:6
end_of_record
TN:
SF:src\modules\working-schedule\workingSchedule.controller.ts
FN:4,getSchedule
FN:10,setSchedule
FN:17,removeSlot
FNF:3
FNH:3
FNDA:2,getSchedule
FNDA:4,setSchedule
FNDA:2,removeSlot
DA:2,6
DA:4,6
DA:5,2
DA:6,2
DA:7,0
DA:10,6
DA:11,4
DA:12,4
DA:13,1
DA:14,3
DA:17,6
DA:18,2
DA:19,2
DA:20,1
DA:21,1
LF:15
LH:14
BRF:0
BRH:0
end_of_record
TN:
SF:src\modules\working-schedule\workingSchedule.repository.ts
FN:8,findByLawyer
FN:18,upsert
FN:29,remove
FNF:3
FNH:0
FNDA:0,findByLawyer
FNDA:0,upsert
FNDA:0,remove
DA:1,6
DA:2,6
DA:5,6
DA:6,6
DA:8,6
DA:9,0
DA:14,0
DA:15,0
DA:18,6
DA:21,0
DA:25,0
DA:26,0
DA:29,6
DA:30,0
DA:31,0
LF:15
LH:7
BRDA:14,0,0,0
BRDA:14,0,1,0
BRDA:25,1,0,0
BRDA:25,1,1,0
BRDA:31,2,0,0
BRDA:31,2,1,0
BRF:6
BRH:0
end_of_record
TN:
SF:src\modules\working-schedule\workingSchedule.routes.ts
FNF:0
FNH:0
DA:1,6
DA:2,6
DA:4,6
DA:7,6
DA:10,6
DA:13,6
DA:15,6
LF:7
LH:7
BRF:0
BRH:0
end_of_record
TN:
SF:src\modules\working-schedule\workingSchedule.service.ts
FN:5,getSchedule
FN:9,setSchedule
FN:17,(anonymous_11)
FN:27,removeSlot
FNF:4
FNH:4
FNDA:2,getSchedule
FNDA:4,setSchedule
FNDA:2,(anonymous_11)
FNDA:2,removeSlot
DA:1,6
DA:2,6
DA:5,6
DA:6,2
DA:9,6
DA:13,4
DA:14,3
DA:17,2
DA:24,1
DA:27,6
DA:28,2
LF:11
LH:11
BRDA:13,0,0,3
BRDA:13,0,1,1
BRDA:13,1,0,4
BRDA:13,1,1,2
BRF:4
BRH:4
end_of_record
TN:
SF:src\shared\config\index.ts
FN:9,required
FNF:1
FNH:1
FNDA:30,required
DA:1,15
DA:10,30
DA:11,30
DA:12,0
DA:14,30
DA:17,15
DA:37,15
LF:7
LH:6
BRDA:11,0,0,0
BRDA:11,0,1,30
BRDA:19,1,0,15
BRDA:19,1,1,0
BRDA:20,2,0,15
BRDA:20,2,1,0
BRDA:21,3,0,15
BRDA:21,3,1,0
BRDA:28,4,0,15
BRDA:28,4,1,0
BRDA:31,5,0,15
BRDA:31,5,1,0
BRDA:32,6,0,15
BRDA:32,6,1,0
BRF:14
BRH:7
end_of_record
TN:
SF:src\shared\database\dbError.ts
FN:8,dbError
FNF:1
FNH:0
FNDA:0,dbError
DA:2,13
DA:8,13
DA:9,0
DA:10,0
DA:11,0
DA:12,0
LF:6
LH:2
BRDA:10,0,0,0
BRDA:10,0,1,0
BRDA:11,1,0,0
BRDA:11,1,1,0
BRF:4
BRH:0
end_of_record
TN:
SF:src\shared\database\supabaseClient.ts
FN:15,getSupabaseClient
FNF:1
FNH:0
FNDA:0,getSupabaseClient
DA:1,13
DA:2,13
DA:13,13
DA:15,13
DA:16,0
DA:17,0
DA:24,0
LF:7
LH:4
BRDA:16,0,0,0
BRDA:16,0,1,0
BRF:2
BRH:0
end_of_record
TN:
SF:src\shared\middlewares\errorHandler.ts
FN:17,errorHandler
FNF:1
FNH:1
FNDA:37,errorHandler
DA:2,6
DA:17,6
DA:18,37
DA:19,37
DA:21,37
DA:22,37
DA:23,0
DA:26,37
DA:28,37
DA:29,0
DA:32,37
LF:11
LH:9
BRDA:18,0,0,37
BRDA:18,0,1,6
BRDA:18,0,2,6
BRDA:19,1,0,37
BRDA:19,1,1,0
BRDA:22,2,0,0
BRDA:22,2,1,37
BRDA:22,3,0,37
BRDA:22,3,1,37
BRDA:28,4,0,0
BRDA:28,4,1,37
BRDA:28,5,0,37
BRDA:28,5,1,0
BRF:13
BRH:9
end_of_record
TN:
SF:src\shared\middlewares\notFound.ts
FN:8,notFound
FNF:1
FNH:0
FNDA:0,notFound
DA:2,6
DA:8,6
DA:9,0
LF:3
LH:2
BRF:0
BRH:0
end_of_record
TN:
SF:src\shared\services\timezone\timezoneService.ts
FN:34,fetchWithTimeout
FN:36,(anonymous_2)
FN:60,getCurrentTime
FN:68,convertTimezone
FN:103,normalizeToUTC
FN:141,toLocalTime
FNF:6
FNH:0
FNDA:0,fetchWithTimeout
FNDA:0,(anonymous_2)
FNDA:0,getCurrentTime
FNDA:0,convertTimezone
FNDA:0,normalizeToUTC
FNDA:0,toLocalTime
DA:1,7
DA:2,7
DA:4,7
DA:7,7
DA:35,0
DA:36,0
DA:38,0
DA:39,0
DA:40,0
DA:41,0
DA:42,0
DA:44,0
DA:46,0
DA:47,0
DA:49,0
DA:51,0
DA:60,7
DA:61,0
DA:62,0
DA:68,7
DA:79,0
DA:80,0
DA:103,7
DA:107,0
DA:108,0
DA:114,0
DA:115,0
DA:116,0
DA:119,0
DA:120,0
DA:121,0
DA:124,0
DA:126,0
DA:127,0
DA:129,0
DA:130,0
DA:131,0
DA:133,0
DA:141,7
DA:145,0
DA:147,0
DA:153,0
LF:42
LH:8
BRDA:34,0,0,0
BRDA:40,1,0,0
BRDA:40,1,1,0
BRDA:46,2,0,0
BRDA:46,2,1,0
BRDA:46,3,0,0
BRDA:46,3,1,0
BRDA:72,4,0,0
BRDA:105,5,0,0
BRDA:115,6,0,0
BRDA:115,6,1,0
BRDA:120,7,0,0
BRDA:120,7,1,0
BRDA:126,8,0,0
BRDA:126,8,1,0
BRDA:130,9,0,0
BRDA:130,9,1,0
BRDA:143,10,0,0
BRDA:153,11,0,0
BRDA:153,11,1,0
BRF:20
BRH:0
end_of_record
TN:
SF:src\shared\types\index.ts
FN:16,(anonymous_0)
FNF:1
FNH:1
FNDA:40,(anonymous_0)
DA:9,16
DA:17,40
DA:18,40
DA:19,40
LF:4
LH:4
BRF:0
BRH:0
end_of_record
TN:
SF:src\shared\utils\dateUtils.ts
FN:13,assertValidDate
FN:23,nowUTC
FN:31,toDateTimeString
FN:35,(anonymous_3)
FN:51,rangesOverlap
FNF:5
FNH:1
FNDA:37,assertValidDate
FNDA:0,nowUTC
FNDA:0,toDateTimeString
FNDA:0,(anonymous_3)
FNDA:0,rangesOverlap
DA:1,7
DA:13,7
DA:14,37
DA:15,37
DA:16,6
DA:23,7
DA:24,0
DA:31,7
DA:32,0
DA:33,0
DA:35,0
DA:36,0
DA:51,7
DA:52,0
DA:53,0
DA:54,0
DA:55,0
DA:57,0
LF:18
LH:8
BRDA:13,0,0,0
BRDA:14,1,0,0
BRDA:14,1,1,37
BRDA:15,2,0,6
BRDA:15,2,1,31
BRDA:32,3,0,0
BRDA:32,3,1,0
BRDA:57,4,0,0
BRDA:57,4,1,0
BRF:9
BRH:3
end_of_record
